<?xml version="1.0" encoding="UTF-8"?>
<testsuite xmlns:xsi="http://www.w3.org/2001/XMLSchema-instance" xsi:noNamespaceSchemaLocation="https://maven.apache.org/surefire/maven-surefire-plugin/xsd/surefire-test-report-3.0.xsd" version="3.0" name="runner.Executa" time="1.753" tests="3" errors="3" skipped="0" failures="0">
  <properties>
[...]
</properties>
  <testcase name="Realizar login com sucesso" classname="Acessar site" time="0.247">
    <error message="The step &apos;acesse o site do sauce demo&apos; and 3 other step(s) are undefined.&#10;You can implement these steps using the snippet(s) below:&#10;&#10;@Given(&quot;acesse o site do sauce demo&quot;)&#10;public void acesseOSiteDoSauceDemo() {&#10;    // Write code here that turns the phrase above into concrete actions&#10;    throw new io.cucumber.java.PendingException();&#10;}&#10;@When(&quot;preencher dados válidos&quot;)&#10;public void preencherDadosVálidos() {&#10;    // Write code here that turns the phrase above into concrete actions&#10;    throw new io.cucumber.java.PendingException();&#10;}&#10;@When(&quot;clicar no botão login&quot;)&#10;public void clicarNoBotãoLogin() {&#10;    // Write code here that turns the phrase above into concrete actions&#10;    throw new io.cucumber.java.PendingException();&#10;}&#10;@Then(&quot;logado com sucesso&quot;)&#10;public void logadoComSucesso() {&#10;    // Write code here that turns the phrase above into concrete actions&#10;    throw new io.cucumber.java.PendingException();&#10;}&#10;" type="io.cucumber.junit.UndefinedStepException"><![CDATA[io.cucumber.junit.UndefinedStepException: 
The step 'acesse o site do sauce demo' and 3 other step(s) are undefined.
You can implement these steps using the snippet(s) below:

@Given("acesse o site do sauce demo")
public void acesseOSiteDoSauceDemo() {
    // Write code here that turns the phrase above into concrete actions
    throw new io.cucumber.java.PendingException();
}
@When("preencher dados válidos")
public void preencherDadosVálidos() {
    // Write code here that turns the phrase above into concrete actions
    throw new io.cucumber.java.PendingException();
}
@When("clicar no botão login")
public void clicarNoBotãoLogin() {
    // Write code here that turns the phrase above into concrete actions
    throw new io.cucumber.java.PendingException();
}
@Then("logado com sucesso")
public void logadoComSucesso() {
    // Write code here that turns the phrase above into concrete actions
    throw new io.cucumber.java.PendingException();
}

]]></error>
    <system-out><![CDATA[
@Login @positivo
Scenario: Realizar login com sucesso &amp#27;[90m# src/test/resources/features/login.feature:12&amp#27;[0m
  &amp#27;[33mGiven &amp#27;[0m&amp#27;[33macesse o site do sauce demo&amp#27;[0m
  &amp#27;[36mWhen &amp#27;[0m&amp#27;[36mpreencher dados vÃ¡lidos&amp#27;[0m
  &amp#27;[36mAnd &amp#27;[0m&amp#27;[36mclicar no botÃ£o login&amp#27;[0m
  &amp#27;[36mThen &amp#27;[0m&amp#27;[36mlogado com sucesso&amp#27;[0m
]]></system-out>
  </testcase>
  <testcase name="Realizar login com usuário bloqueado" classname="Acessar site" time="0.021">
    <error message="The step &apos;acesse o site do sauce demo&apos; and 3 other step(s) are undefined.&#10;You can implement these steps using the snippet(s) below:&#10;&#10;@Given(&quot;acesse o site do sauce demo&quot;)&#10;public void acesseOSiteDoSauceDemo() {&#10;    // Write code here that turns the phrase above into concrete actions&#10;    throw new io.cucumber.java.PendingException();&#10;}&#10;@When(&quot;preencher dados com usuário bloqueado&quot;)&#10;public void preencherDadosComUsuárioBloqueado() {&#10;    // Write code here that turns the phrase above into concrete actions&#10;    throw new io.cucumber.java.PendingException();&#10;}&#10;@When(&quot;clicar no botão login&quot;)&#10;public void clicarNoBotãoLogin() {&#10;    // Write code here that turns the phrase above into concrete actions&#10;    throw new io.cucumber.java.PendingException();&#10;}&#10;@Then(&quot;recebo mensagem de erro&quot;)&#10;public void receboMensagemDeErro() {&#10;    // Write code here that turns the phrase above into concrete actions&#10;    throw new io.cucumber.java.PendingException();&#10;}&#10;" type="io.cucumber.junit.UndefinedStepException"><![CDATA[io.cucumber.junit.UndefinedStepException: 
The step 'acesse o site do sauce demo' and 3 other step(s) are undefined.
You can implement these steps using the snippet(s) below:

@Given("acesse o site do sauce demo")
public void acesseOSiteDoSauceDemo() {
    // Write code here that turns the phrase above into concrete actions
    throw new io.cucumber.java.PendingException();
}
@When("preencher dados com usuário bloqueado")
public void preencherDadosComUsuárioBloqueado() {
    // Write code here that turns the phrase above into concrete actions
    throw new io.cucumber.java.PendingException();
}
@When("clicar no botão login")
public void clicarNoBotãoLogin() {
    // Write code here that turns the phrase above into concrete actions
    throw new io.cucumber.java.PendingException();
}
@Then("recebo mensagem de erro")
public void receboMensagemDeErro() {
    // Write code here that turns the phrase above into concrete actions
    throw new io.cucumber.java.PendingException();
}

]]></error>
    <system-out><![CDATA[
@Login @negativo @bloqueado
Scenario: Realizar login com usuÃ¡rio bloqueado &amp#27;[90m# src/test/resources/features/login.feature:18&amp#27;[0m
  &amp#27;[33mGiven &amp#27;[0m&amp#27;[33macesse o site do sauce demo&amp#27;[0m
  &amp#27;[36mWhen &amp#27;[0m&amp#27;[36mpreencher dados com usuÃ¡rio bloqueado&amp#27;[0m
  &amp#27;[36mAnd &amp#27;[0m&amp#27;[36mclicar no botÃ£o login&amp#27;[0m
  &amp#27;[36mThen &amp#27;[0m&amp#27;[36mrecebo mensagem de erro&amp#27;[0m
]]></system-out>
  </testcase>
  <testcase name="Realizar login em branco" classname="Acessar site" time="0.018">
    <error message="The step &apos;acesse o site do sauce demo&apos; and 3 other step(s) are undefined.&#10;You can implement these steps using the snippet(s) below:&#10;&#10;@Given(&quot;acesse o site do sauce demo&quot;)&#10;public void acesseOSiteDoSauceDemo() {&#10;    // Write code here that turns the phrase above into concrete actions&#10;    throw new io.cucumber.java.PendingException();&#10;}&#10;@When(&quot;não preencher os dados de usuário&quot;)&#10;public void nãoPreencherOsDadosDeUsuário() {&#10;    // Write code here that turns the phrase above into concrete actions&#10;    throw new io.cucumber.java.PendingException();&#10;}&#10;@When(&quot;clicar no botão login&quot;)&#10;public void clicarNoBotãoLogin() {&#10;    // Write code here that turns the phrase above into concrete actions&#10;    throw new io.cucumber.java.PendingException();&#10;}&#10;@Then(&quot;recebo mensagem de dados em branco&quot;)&#10;public void receboMensagemDeDadosEmBranco() {&#10;    // Write code here that turns the phrase above into concrete actions&#10;    throw new io.cucumber.java.PendingException();&#10;}&#10;" type="io.cucumber.junit.UndefinedStepException"><![CDATA[io.cucumber.junit.UndefinedStepException: 
The step 'acesse o site do sauce demo' and 3 other step(s) are undefined.
You can implement these steps using the snippet(s) below:

@Given("acesse o site do sauce demo")
public void acesseOSiteDoSauceDemo() {
    // Write code here that turns the phrase above into concrete actions
    throw new io.cucumber.java.PendingException();
}
@When("não preencher os dados de usuário")
public void nãoPreencherOsDadosDeUsuário() {
    // Write code here that turns the phrase above into concrete actions
    throw new io.cucumber.java.PendingException();
}
@When("clicar no botão login")
public void clicarNoBotãoLogin() {
    // Write code here that turns the phrase above into concrete actions
    throw new io.cucumber.java.PendingException();
}
@Then("recebo mensagem de dados em branco")
public void receboMensagemDeDadosEmBranco() {
    // Write code here that turns the phrase above into concrete actions
    throw new io.cucumber.java.PendingException();
}

]]></error>
    <system-out><![CDATA[
@Login @negativo
Scenario: Realizar login em branco        &amp#27;[90m# src/test/resources/features/login.feature:24&amp#27;[0m
  &amp#27;[33mGiven &amp#27;[0m&amp#27;[33macesse o site do sauce demo&amp#27;[0m
  &amp#27;[36mWhen &amp#27;[0m&amp#27;[36mnÃ£o preencher os dados de usuÃ¡rio&amp#27;[0m
  &amp#27;[36mAnd &amp#27;[0m&amp#27;[36mclicar no botÃ£o login&amp#27;[0m
  &amp#27;[36mThen &amp#27;[0m&amp#27;[36mrecebo mensagem de dados em branco&amp#27;[0m
]]></system-out>
  </testcase>
</testsuite>